                      :-) GROMACS - gmx mdrun, 2022.1 (-:

Copyright 1991-2022 The GROMACS Authors.
GROMACS is free software; you can redistribute it and/or modify it
under the terms of the GNU Lesser General Public License
as published by the Free Software Foundation; either version 2.1
of the License, or (at your option) any later version.

                         Current GROMACS contributors:
       Mark Abraham           Andrey Alekseenko           Cathrine Bergh      
      Christian Blau            Eliane Briand               Kevin Boyd        
     Oliver Fleetwood         Stefan Fleischmann           Vytas Gapsys       
       Gaurav Garg           Gilles Gouaillardet            Alan Gray         
      Victor Holanda           M. Eric Irrgang              Joe Jordan        
    Christoph Junghans        Prashanth Kanduri           Sebastian Kehl      
     Sebastian Keller          Carsten Kutzner           Magnus Lundborg      
       Pascal Merz              Dmitry Morozov             Szilard Pall       
      Roland Schulz             Michael Shirts         David van der Spoel    
     Alessandra Villa      Sebastian Wingbermuehle        Artem Zhmurov       

                         Previous GROMACS contributors:
        Emile Apol             Rossen Apostolov           James Barnett       
  Herman J.C. Berendsen          Par Bjelkmar           Viacheslav Bolnykh    
    Aldert van Buuren          Carlo Camilloni           Rudi van Drunen      
      Anton Feenstra           Gerrit Groenhof            Bert de Groot       
      Anca Hamuraru           Vincent Hindriksen         Aleksei Iupinov      
   Dimitrios Karkoulis           Peter Kasson               Jiri Kraus        
       Per Larsson             Justin A. Lemkul           Viveca Lindahl      
      Erik Marklund           Pieter Meulenhoff           Vedran Miletic      
      Teemu Murtola              Sander Pronk            Alexey Shvetsov      
      Alfons Sijbers            Peter Tieleman             Jon Vincent        
     Teemu Virolainen         Christian Wennberg           Maarten Wolf       

                  Coordinated by the GROMACS project leaders:
                    Paul Bauer, Berk Hess, and Erik Lindahl

GROMACS:      gmx mdrun, version 2022.1
Executable:   /usr/local/gromacs/bin/gmx
Data prefix:  /usr/local/gromacs
Working dir:  /home/dominiero/gromacs_tutorials/semax/7f54
Process ID:   20365
Command line:
  gmx mdrun -deffnm npt

GROMACS version:    2022.1
Precision:          mixed
Memory model:       64 bit
MPI library:        thread_mpi
OpenMP support:     enabled (GMX_OPENMP_MAX_THREADS = 128)
GPU support:        disabled
SIMD instructions:  AVX_256
CPU FFT library:    fftw-3.3.8-sse2-avx-avx2-avx2_128
GPU FFT library:    none
RDTSCP usage:       enabled
TNG support:        enabled
Hwloc support:      disabled
Tracing support:    disabled
C compiler:         /usr/bin/cc GNU 9.3.0
C compiler flags:   -mavx -Wno-missing-field-initializers -fexcess-precision=fast -funroll-all-loops -O3 -DNDEBUG
C++ compiler:       /usr/bin/c++ GNU 9.3.0
C++ compiler flags: -mavx -Wno-missing-field-initializers -fexcess-precision=fast -funroll-all-loops -fopenmp -O3 -DNDEBUG


Running on 1 node with total 4 cores, 8 processing units
Hardware detected:
  CPU info:
    Vendor: Intel
    Brand:  Intel(R) Core(TM) i7-3770S CPU @ 3.10GHz
    Family: 6   Model: 58   Stepping: 9
    Features: aes apic avx clfsh cmov cx8 cx16 f16c htt intel lahf mmx msr pcid pclmuldq popcnt pse rdrnd rdtscp sse2 sse3 sse4.1 sse4.2 ssse3
  Hardware topology: Basic
    Packages, cores, and logical processors:
    [indices refer to OS logical processors]
      Package  0: [   0   1] [   2   3] [   4   5] [   6   7]
    CPU limit set by OS: -1   Recommended max number of threads: 8


++++ PLEASE READ AND CITE THE FOLLOWING REFERENCE ++++
M. J. Abraham, T. Murtola, R. Schulz, S. Páll, J. C. Smith, B. Hess, E.
Lindahl
GROMACS: High performance molecular simulations through multi-level
parallelism from laptops to supercomputers
SoftwareX 1 (2015) pp. 19-25
-------- -------- --- Thank You --- -------- --------


++++ PLEASE READ AND CITE THE FOLLOWING REFERENCE ++++
S. Páll, M. J. Abraham, C. Kutzner, B. Hess, E. Lindahl
Tackling Exascale Software Challenges in Molecular Dynamics Simulations with
GROMACS
In S. Markidis & E. Laure (Eds.), Solving Software Challenges for Exascale 8759 (2015) pp. 3-27
-------- -------- --- Thank You --- -------- --------


++++ PLEASE READ AND CITE THE FOLLOWING REFERENCE ++++
S. Pronk, S. Páll, R. Schulz, P. Larsson, P. Bjelkmar, R. Apostolov, M. R.
Shirts, J. C. Smith, P. M. Kasson, D. van der Spoel, B. Hess, and E. Lindahl
GROMACS 4.5: a high-throughput and highly parallel open source molecular
simulation toolkit
Bioinformatics 29 (2013) pp. 845-54
-------- -------- --- Thank You --- -------- --------


++++ PLEASE READ AND CITE THE FOLLOWING REFERENCE ++++
B. Hess and C. Kutzner and D. van der Spoel and E. Lindahl
GROMACS 4: Algorithms for highly efficient, load-balanced, and scalable
molecular simulation
J. Chem. Theory Comput. 4 (2008) pp. 435-447
-------- -------- --- Thank You --- -------- --------


++++ PLEASE READ AND CITE THE FOLLOWING REFERENCE ++++
D. van der Spoel, E. Lindahl, B. Hess, G. Groenhof, A. E. Mark and H. J. C.
Berendsen
GROMACS: Fast, Flexible and Free
J. Comp. Chem. 26 (2005) pp. 1701-1719
-------- -------- --- Thank You --- -------- --------


++++ PLEASE READ AND CITE THE FOLLOWING REFERENCE ++++
E. Lindahl and B. Hess and D. van der Spoel
GROMACS 3.0: A package for molecular simulation and trajectory analysis
J. Mol. Mod. 7 (2001) pp. 306-317
-------- -------- --- Thank You --- -------- --------


++++ PLEASE READ AND CITE THE FOLLOWING REFERENCE ++++
H. J. C. Berendsen, D. van der Spoel and R. van Drunen
GROMACS: A message-passing parallel molecular dynamics implementation
Comp. Phys. Comm. 91 (1995) pp. 43-56
-------- -------- --- Thank You --- -------- --------


++++ PLEASE CITE THE DOI FOR THIS VERSION OF GROMACS ++++
https://doi.org/10.5281/zenodo.6451564
-------- -------- --- Thank You --- -------- --------

Input Parameters:
   integrator                     = md
   tinit                          = 0
   dt                             = 0.002
   nsteps                         = 50000
   init-step                      = 0
   simulation-part                = 1
   mts                            = false
   comm-mode                      = Linear
   nstcomm                        = 100
   bd-fric                        = 0
   ld-seed                        = -1912610945
   emtol                          = 10
   emstep                         = 0.01
   niter                          = 20
   fcstep                         = 0
   nstcgsteep                     = 1000
   nbfgscorr                      = 10
   rtpi                           = 0.05
   nstxout                        = 0
   nstvout                        = 0
   nstfout                        = 0
   nstlog                         = 500
   nstcalcenergy                  = 100
   nstenergy                      = 500
   nstxout-compressed             = 500
   compressed-x-precision         = 1000
   cutoff-scheme                  = Verlet
   nstlist                        = 20
   pbc                            = xyz
   periodic-molecules             = false
   verlet-buffer-tolerance        = 0.005
   rlist                          = 2.03
   coulombtype                    = PME
   coulomb-modifier               = Potential-shift
   rcoulomb-switch                = 0
   rcoulomb                       = 2
   epsilon-r                      = 1
   epsilon-rf                     = inf
   vdw-type                       = Cut-off
   vdw-modifier                   = Force-switch
   rvdw-switch                    = 1
   rvdw                           = 2
   DispCorr                       = No
   table-extension                = 1
   fourierspacing                 = 0.16
   fourier-nx                     = 64
   fourier-ny                     = 64
   fourier-nz                     = 64
   pme-order                      = 4
   ewald-rtol                     = 1e-05
   ewald-rtol-lj                  = 0.001
   lj-pme-comb-rule               = Geometric
   ewald-geometry                 = 3d
   epsilon-surface                = 0
   tcoupl                         = V-rescale
   nsttcouple                     = 10
   nh-chain-length                = 0
   print-nose-hoover-chain-variables = false
   pcoupl                         = Berendsen
   pcoupltype                     = Isotropic
   nstpcouple                     = 10
   tau-p                          = 2
   compressibility (3x3):
      compressibility[    0]={ 4.50000e-05,  0.00000e+00,  0.00000e+00}
      compressibility[    1]={ 0.00000e+00,  4.50000e-05,  0.00000e+00}
      compressibility[    2]={ 0.00000e+00,  0.00000e+00,  4.50000e-05}
   ref-p (3x3):
      ref-p[    0]={ 1.00000e+00,  0.00000e+00,  0.00000e+00}
      ref-p[    1]={ 0.00000e+00,  1.00000e+00,  0.00000e+00}
      ref-p[    2]={ 0.00000e+00,  0.00000e+00,  1.00000e+00}
   refcoord-scaling               = COM
   posres-com (3):
      posres-com[0]= 5.02856e-01
      posres-com[1]= 5.07858e-01
      posres-com[2]= 4.88965e-01
   posres-comB (3):
      posres-comB[0]= 5.02856e-01
      posres-comB[1]= 5.07858e-01
      posres-comB[2]= 4.88965e-01
   QMMM                           = false
qm-opts:
   ngQM                           = 0
   constraint-algorithm           = Lincs
   continuation                   = true
   Shake-SOR                      = false
   shake-tol                      = 0.0001
   lincs-order                    = 4
   lincs-iter                     = 1
   lincs-warnangle                = 30
   nwall                          = 0
   wall-type                      = 9-3
   wall-r-linpot                  = -1
   wall-atomtype[0]               = -1
   wall-atomtype[1]               = -1
   wall-density[0]                = 0
   wall-density[1]                = 0
   wall-ewald-zfac                = 3
   pull                           = false
   awh                            = false
   rotation                       = false
   interactiveMD                  = false
   disre                          = No
   disre-weighting                = Conservative
   disre-mixed                    = false
   dr-fc                          = 1000
   dr-tau                         = 0
   nstdisreout                    = 100
   orire-fc                       = 0
   orire-tau                      = 0
   nstorireout                    = 100
   free-energy                    = no
   cos-acceleration               = 0
   deform (3x3):
      deform[    0]={ 0.00000e+00,  0.00000e+00,  0.00000e+00}
      deform[    1]={ 0.00000e+00,  0.00000e+00,  0.00000e+00}
      deform[    2]={ 0.00000e+00,  0.00000e+00,  0.00000e+00}
   simulated-tempering            = false
   swapcoords                     = no
   userint1                       = 0
   userint2                       = 0
   userint3                       = 0
   userint4                       = 0
   userreal1                      = 0
   userreal2                      = 0
   userreal3                      = 0
   userreal4                      = 0
   applied-forces:
     electric-field:
       x:
         E0                       = 0
         omega                    = 0
         t0                       = 0
         sigma                    = 0
       y:
         E0                       = 0
         omega                    = 0
         t0                       = 0
         sigma                    = 0
       z:
         E0                       = 0
         omega                    = 0
         t0                       = 0
         sigma                    = 0
     density-guided-simulation:
       active                     = false
       group                      = protein
       similarity-measure         = inner-product
       atom-spreading-weight      = unity
       force-constant             = 1e+09
       gaussian-transform-spreading-width = 0.2
       gaussian-transform-spreading-range-in-multiples-of-width = 4
       reference-density-filename = reference.mrc
       nst                        = 1
       normalize-densities        = true
       adaptive-force-scaling     = false
       adaptive-force-scaling-time-constant = 4
       shift-vector               = 
       transformation-matrix      = 
     qmmm-cp2k:
       active                     = false
       qmgroup                    = System
       qmmethod                   = PBE
       qmfilenames                = 
       qmcharge                   = 0
       qmmultiplicity             = 1
grpopts:
   nrdf:     11124.8      136815
   ref-t:         300         300
   tau-t:         0.1         0.1
annealing:          No          No
annealing-npoints:           0           0
   acc:	           0           0           0
   nfreeze:           N           N           N
   energygrp-flags[  0]: 0

Changing nstlist from 20 to 80, rlist from 2.03 to 2.182


Initializing Domain Decomposition on 1 ranks
Dynamic load balancing: auto
Using update groups, nr 24994, average size 2.9 atoms, max. radius 0.139 nm
Minimum cell size due to atom displacement: 0.558 nm
Initial maximum distances in bonded interactions:
    two-body bonded interactions: 0.454 nm, LJ-14, atoms 3537 3622
  multi-body bonded interactions: 0.506 nm, CMAP Dih., atoms 1100 1116
Minimum cell size due to bonded interactions: 0.556 nm
Using 0 separate PME ranks because: there are too few total ranks for efficient splitting
Optimizing the DD grid for 1 cells with a minimum initial size of 0.558 nm
The maximum allowed number of cells is: X 14 Y 14 Z 12
Domain decomposition grid 1 x 1 x 1, separate PME ranks 0
PME domain decomposition: 1 x 1 x 1

The initial number of communication pulses is:
The initial domain decomposition cell size is:

The maximum allowed distance for atom groups involved in interactions is:
                 non-bonded interactions           2.460 nm
(the following are initial values, they could change due to box deformation)
            two-body bonded interactions  (-rdd)   2.460 nm
          multi-body bonded interactions  (-rdd)   2.460 nm

When dynamic load balancing gets turned on, these settings will change to:
The maximum number of communication pulses is:
The minimum size for domain decomposition cells is 2.460 nm
The requested allowed shrink of DD cells (option -dds) is: 0.80
The allowed shrink of domain decomposition cells is:
The maximum allowed distance for atom groups involved in interactions is:
                 non-bonded interactions           2.460 nm
            two-body bonded interactions  (-rdd)   2.460 nm
          multi-body bonded interactions  (-rdd)   2.460 nm

Using 1 MPI thread
Using 8 OpenMP threads 

Pinning threads with an auto-selected logical cpu stride of 1
System total charge: 0.000
Will do PME sum in reciprocal space for electrostatic interactions.

++++ PLEASE READ AND CITE THE FOLLOWING REFERENCE ++++
U. Essmann, L. Perera, M. L. Berkowitz, T. Darden, H. Lee and L. G. Pedersen 
A smooth particle mesh Ewald method
J. Chem. Phys. 103 (1995) pp. 8577-8592
-------- -------- --- Thank You --- -------- --------

Using a Gaussian width (1/beta) of 0.640325 nm for Ewald
Potential shift: LJ r^-12: -1.770e-03 r^-6: -5.273e-02, Ewald -5.000e-06
Initialized non-bonded Coulomb Ewald tables, spacing: 1.32e-03 size: 1517

Generated table with 1591 data points for 1-4 COUL.
Tabscale = 500 points/nm
Generated table with 1591 data points for 1-4 LJ6.
Tabscale = 500 points/nm
Generated table with 1591 data points for 1-4 LJ12.
Tabscale = 500 points/nm


Using SIMD 4x4 nonbonded short-range kernels

Using a dual 4x4 pair-list setup updated with dynamic pruning:
  outer list: updated every 80 steps, buffer 0.182 nm, rlist 2.182 nm
  inner list: updated every 13 steps, buffer 0.003 nm, rlist 2.003 nm
At tolerance 0.005 kJ/mol/ps per atom, equivalent classical 1x1 list would be:
  outer list: updated every 80 steps, buffer 0.298 nm, rlist 2.298 nm
  inner list: updated every 13 steps, buffer 0.051 nm, rlist 2.051 nm

Linking all bonded interactions to atoms


Initializing LINear Constraint Solver

++++ PLEASE READ AND CITE THE FOLLOWING REFERENCE ++++
B. Hess and H. Bekker and H. J. C. Berendsen and J. G. E. M. Fraaije
LINCS: A Linear Constraint Solver for molecular simulations
J. Comp. Chem. 18 (1997) pp. 1463-1472
-------- -------- --- Thank You --- -------- --------

The number of constraints is 2276

++++ PLEASE READ AND CITE THE FOLLOWING REFERENCE ++++
S. Miyamoto and P. A. Kollman
SETTLE: An Analytical Version of the SHAKE and RATTLE Algorithms for Rigid
Water Models
J. Comp. Chem. 13 (1992) pp. 952-962
-------- -------- --- Thank You --- -------- --------


++++ PLEASE READ AND CITE THE FOLLOWING REFERENCE ++++
G. Bussi, D. Donadio and M. Parrinello
Canonical sampling through velocity rescaling
J. Chem. Phys. 126 (2007) pp. 014101
-------- -------- --- Thank You --- -------- --------

There are: 72876 Atoms

Atom distribution over 1 domains: av 72876 stddev 0 min 72876 max 72876
Center of mass motion removal mode is Linear
We have the following groups for center of mass motion removal:
  0:  rest

Started mdrun on rank 0 Tue Jun 14 13:34:57 2022

           Step           Time
              0        0.00000

   Energies (kJ/mol)
           Bond            U-B    Proper Dih.  Improper Dih.      CMAP Dih.
    3.69753e+03    1.01347e+04    1.09018e+04    5.77149e+02    2.31044e+01
          LJ-14     Coulomb-14        LJ (SR)   Coulomb (SR)   Coul. recip.
    4.02623e+03    6.24513e+04    8.63388e+04   -1.11099e+06    7.03362e+02
 Position Rest.      Potential    Kinetic En.   Total Energy  Conserved En.
    2.79698e-01   -9.32139e+05    1.85353e+05   -7.46787e+05   -7.46759e+05
    Temperature Pressure (bar)   Constr. rmsd
    3.01376e+02   -4.27118e+02    3.68931e-06

           Step           Time
            500        1.00000

   Energies (kJ/mol)
           Bond            U-B    Proper Dih.  Improper Dih.      CMAP Dih.
    3.70968e+03    1.03342e+04    1.09819e+04    6.21068e+02   -5.09415e+01
          LJ-14     Coulomb-14        LJ (SR)   Coulomb (SR)   Coul. recip.
    4.09717e+03    6.25783e+04    8.67817e+04   -1.11359e+06    6.98586e+02
 Position Rest.      Potential    Kinetic En.   Total Energy  Conserved En.
    1.06716e+03   -9.32774e+05    1.85621e+05   -7.47153e+05   -7.46725e+05
    Temperature Pressure (bar)   Constr. rmsd
    3.01813e+02   -3.78965e+02    3.67999e-06

           Step           Time
           1000        2.00000

   Energies (kJ/mol)
           Bond            U-B    Proper Dih.  Improper Dih.      CMAP Dih.
    3.76786e+03    1.02299e+04    1.08971e+04    5.51192e+02   -9.71363e+00
          LJ-14     Coulomb-14        LJ (SR)   Coulomb (SR)   Coul. recip.
    4.04482e+03    6.24334e+04    8.96127e+04   -1.11760e+06    6.77572e+02
 Position Rest.      Potential    Kinetic En.   Total Energy  Conserved En.
    1.10064e+03   -9.34294e+05    1.83777e+05   -7.50517e+05   -7.46749e+05
    Temperature Pressure (bar)   Constr. rmsd
    2.98814e+02   -7.81778e+01    3.52003e-06

           Step           Time
           1500        3.00000

   Energies (kJ/mol)
           Bond            U-B    Proper Dih.  Improper Dih.      CMAP Dih.
    3.61821e+03    1.01675e+04    1.09713e+04    5.77531e+02    5.81615e+01
          LJ-14     Coulomb-14        LJ (SR)   Coulomb (SR)   Coul. recip.
    4.06483e+03    6.24099e+04    8.83954e+04   -1.11598e+06    7.03006e+02
 Position Rest.      Potential    Kinetic En.   Total Energy  Conserved En.
    1.02579e+03   -9.33987e+05    1.84048e+05   -7.49938e+05   -7.46713e+05
    Temperature Pressure (bar)   Constr. rmsd
    2.99256e+02   -8.44999e+01    3.61053e-06

           Step           Time
           2000        4.00000

   Energies (kJ/mol)
           Bond            U-B    Proper Dih.  Improper Dih.      CMAP Dih.
    3.55425e+03    1.01993e+04    1.09212e+04    5.61257e+02    1.88078e+01
          LJ-14     Coulomb-14        LJ (SR)   Coulomb (SR)   Coul. recip.
    4.01588e+03    6.27326e+04    8.75219e+04   -1.11532e+06    7.22925e+02
 Position Rest.      Potential    Kinetic En.   Total Energy  Conserved En.
    1.08111e+03   -9.33990e+05    1.84956e+05   -7.49034e+05   -7.46713e+05
    Temperature Pressure (bar)   Constr. rmsd
    3.00731e+02   -8.59765e+01    3.57184e-06

           Step           Time
           2500        5.00000

   Energies (kJ/mol)
           Bond            U-B    Proper Dih.  Improper Dih.      CMAP Dih.
    3.63012e+03    9.84760e+03    1.10092e+04    5.29556e+02    9.95753e+00
          LJ-14     Coulomb-14        LJ (SR)   Coulomb (SR)   Coul. recip.
    4.16281e+03    6.25894e+04    8.88901e+04   -1.11826e+06    7.07930e+02
 Position Rest.      Potential    Kinetic En.   Total Energy  Conserved En.
    1.15604e+03   -9.35723e+05    1.84161e+05   -7.51562e+05   -7.46713e+05
    Temperature Pressure (bar)   Constr. rmsd
    2.99439e+02    5.13335e+01    3.67020e-06

           Step           Time
           3000        6.00000

   Energies (kJ/mol)
           Bond            U-B    Proper Dih.  Improper Dih.      CMAP Dih.
    3.59971e+03    1.05558e+04    1.09183e+04    6.15505e+02   -6.59348e+01
          LJ-14     Coulomb-14        LJ (SR)   Coulomb (SR)   Coul. recip.
    3.95505e+03    6.21001e+04    8.71155e+04   -1.11551e+06    7.07349e+02
 Position Rest.      Potential    Kinetic En.   Total Energy  Conserved En.
    1.10588e+03   -9.34903e+05    1.85481e+05   -7.49422e+05   -7.46692e+05
    Temperature Pressure (bar)   Constr. rmsd
    3.01585e+02   -2.48467e+02    3.67598e-06

           Step           Time
           3500        7.00000

   Energies (kJ/mol)
           Bond            U-B    Proper Dih.  Improper Dih.      CMAP Dih.
    3.64780e+03    1.01154e+04    1.09277e+04    5.90512e+02   -9.48001e+01
          LJ-14     Coulomb-14        LJ (SR)   Coulomb (SR)   Coul. recip.
    4.03683e+03    6.24657e+04    8.95208e+04   -1.11892e+06    7.12568e+02
 Position Rest.      Potential    Kinetic En.   Total Energy  Conserved En.
    1.08738e+03   -9.35911e+05    1.84425e+05   -7.51486e+05   -7.46667e+05
    Temperature Pressure (bar)   Constr. rmsd
    2.99869e+02   -7.36917e+00    3.78478e-06

           Step           Time
           4000        8.00000

   Energies (kJ/mol)
           Bond            U-B    Proper Dih.  Improper Dih.      CMAP Dih.
    3.75066e+03    1.01104e+04    1.09627e+04    6.21032e+02   -5.20939e+01
          LJ-14     Coulomb-14        LJ (SR)   Coulomb (SR)   Coul. recip.
    3.96805e+03    6.24720e+04    8.79269e+04   -1.11868e+06    7.00802e+02
 Position Rest.      Potential    Kinetic En.   Total Energy  Conserved En.
    1.11413e+03   -9.37106e+05    1.85025e+05   -7.52081e+05   -7.46674e+05
    Temperature Pressure (bar)   Constr. rmsd
    3.00844e+02   -3.39092e+01    3.88411e-06

           Step           Time
           4500        9.00000

   Energies (kJ/mol)
           Bond            U-B    Proper Dih.  Improper Dih.      CMAP Dih.
    3.61630e+03    1.02562e+04    1.09619e+04    5.41816e+02   -3.22996e+01
          LJ-14     Coulomb-14        LJ (SR)   Coulomb (SR)   Coul. recip.
    4.12796e+03    6.24371e+04    8.81724e+04   -1.11737e+06    6.55901e+02
 Position Rest.      Potential    Kinetic En.   Total Energy  Conserved En.
    1.13787e+03   -9.35491e+05    1.84763e+05   -7.50728e+05   -7.46640e+05
    Temperature Pressure (bar)   Constr. rmsd
    3.00418e+02    1.19140e+01    3.48004e-06

           Step           Time
           5000       10.00000

   Energies (kJ/mol)
           Bond            U-B    Proper Dih.  Improper Dih.      CMAP Dih.
    3.53367e+03    1.02605e+04    1.09857e+04    5.29693e+02   -2.57730e+01
          LJ-14     Coulomb-14        LJ (SR)   Coulomb (SR)   Coul. recip.
    4.07129e+03    6.24558e+04    8.78130e+04   -1.11732e+06    6.62938e+02
 Position Rest.      Potential    Kinetic En.   Total Energy  Conserved En.
    1.16335e+03   -9.35872e+05    1.84953e+05   -7.50919e+05   -7.46645e+05
    Temperature Pressure (bar)   Constr. rmsd
    3.00727e+02    2.16568e+01    3.61448e-06

           Step           Time
           5500       11.00000

   Energies (kJ/mol)
           Bond            U-B    Proper Dih.  Improper Dih.      CMAP Dih.
    3.68609e+03    1.03874e+04    1.09955e+04    5.26080e+02   -2.30233e+01
          LJ-14     Coulomb-14        LJ (SR)   Coulomb (SR)   Coul. recip.
    4.02167e+03    6.23907e+04    8.94542e+04   -1.11938e+06    6.92534e+02
 Position Rest.      Potential    Kinetic En.   Total Energy  Conserved En.
    1.18576e+03   -9.36063e+05    1.84965e+05   -7.51098e+05   -7.46633e+05
    Temperature Pressure (bar)   Constr. rmsd
    3.00746e+02    9.39821e+01    3.78186e-06

           Step           Time
           6000       12.00000

   Energies (kJ/mol)
           Bond            U-B    Proper Dih.  Improper Dih.      CMAP Dih.
    3.65331e+03    1.02573e+04    1.10694e+04    6.55943e+02    1.59828e+01
          LJ-14     Coulomb-14        LJ (SR)   Coulomb (SR)   Coul. recip.
    4.07759e+03    6.25377e+04    8.72965e+04   -1.11658e+06    7.25192e+02
 Position Rest.      Potential    Kinetic En.   Total Energy  Conserved En.
    1.20447e+03   -9.35088e+05    1.84984e+05   -7.50104e+05   -7.46609e+05
    Temperature Pressure (bar)   Constr. rmsd
    3.00776e+02   -5.25766e+00    3.52985e-06

Writing checkpoint, step 6400 at Tue Jun 14 13:50:02 2022


           Step           Time
           6500       13.00000

   Energies (kJ/mol)
           Bond            U-B    Proper Dih.  Improper Dih.      CMAP Dih.
    3.65455e+03    1.01330e+04    1.09042e+04    5.63690e+02   -2.90901e+01
          LJ-14     Coulomb-14        LJ (SR)   Coulomb (SR)   Coul. recip.
    4.07776e+03    6.27729e+04    8.81585e+04   -1.11761e+06    6.72485e+02
 Position Rest.      Potential    Kinetic En.   Total Energy  Conserved En.
    1.07472e+03   -9.35630e+05    1.85140e+05   -7.50490e+05   -7.46611e+05
    Temperature Pressure (bar)   Constr. rmsd
    3.01031e+02    5.53038e+01    3.83871e-06

           Step           Time
           7000       14.00000

   Energies (kJ/mol)
           Bond            U-B    Proper Dih.  Improper Dih.      CMAP Dih.
    3.72633e+03    9.97520e+03    1.08611e+04    5.60803e+02   -1.53311e+01
          LJ-14     Coulomb-14        LJ (SR)   Coulomb (SR)   Coul. recip.
    4.03035e+03    6.22843e+04    8.95242e+04   -1.11943e+06    6.74536e+02
 Position Rest.      Potential    Kinetic En.   Total Energy  Conserved En.
    1.15523e+03   -9.36648e+05    1.84974e+05   -7.51674e+05   -7.46622e+05
    Temperature Pressure (bar)   Constr. rmsd
    3.00761e+02    9.37643e+01    3.65912e-06

           Step           Time
           7500       15.00000

   Energies (kJ/mol)
           Bond            U-B    Proper Dih.  Improper Dih.      CMAP Dih.
    3.76526e+03    1.02100e+04    1.09463e+04    5.88897e+02   -2.80341e+01
          LJ-14     Coulomb-14        LJ (SR)   Coulomb (SR)   Coul. recip.
    3.97374e+03    6.25051e+04    8.82343e+04   -1.11842e+06    6.89218e+02
 Position Rest.      Potential    Kinetic En.   Total Energy  Conserved En.
    1.19076e+03   -9.36346e+05    1.83336e+05   -7.53010e+05   -7.46550e+05
    Temperature Pressure (bar)   Constr. rmsd
    2.98097e+02   -1.41106e+02    3.63099e-06

           Step           Time
           8000       16.00000

   Energies (kJ/mol)
           Bond            U-B    Proper Dih.  Improper Dih.      CMAP Dih.
    3.72756e+03    1.01016e+04    1.09415e+04    5.98880e+02    3.32137e+01
          LJ-14     Coulomb-14        LJ (SR)   Coulomb (SR)   Coul. recip.
    4.02485e+03    6.25033e+04    8.93851e+04   -1.11907e+06    7.20287e+02
 Position Rest.      Potential    Kinetic En.   Total Energy  Conserved En.
    1.11524e+03   -9.35918e+05    1.84057e+05   -7.51862e+05   -7.46546e+05
    Temperature Pressure (bar)   Constr. rmsd
    2.99269e+02    1.22242e+02    3.55444e-06

           Step           Time
           8500       17.00000

   Energies (kJ/mol)
           Bond            U-B    Proper Dih.  Improper Dih.      CMAP Dih.
    3.56391e+03    1.02995e+04    1.08659e+04    5.25590e+02   -6.03624e+01
          LJ-14     Coulomb-14        LJ (SR)   Coulomb (SR)   Coul. recip.
    4.04735e+03    6.27052e+04    8.83179e+04   -1.11764e+06    6.85658e+02
 Position Rest.      Potential    Kinetic En.   Total Energy  Conserved En.
    1.14342e+03   -9.35549e+05    1.84320e+05   -7.51229e+05   -7.46590e+05
    Temperature Pressure (bar)   Constr. rmsd
    2.99697e+02    7.88631e+01    3.67471e-06

           Step           Time
           9000       18.00000

   Energies (kJ/mol)
           Bond            U-B    Proper Dih.  Improper Dih.      CMAP Dih.
    3.71167e+03    9.80940e+03    1.09444e+04    4.86901e+02   -6.72472e+00
          LJ-14     Coulomb-14        LJ (SR)   Coulomb (SR)   Coul. recip.
    4.04885e+03    6.26429e+04    8.81998e+04   -1.11872e+06    7.00219e+02
 Position Rest.      Potential    Kinetic En.   Total Energy  Conserved En.
    1.08138e+03   -9.37096e+05    1.84436e+05   -7.52661e+05   -7.46575e+05
    Temperature Pressure (bar)   Constr. rmsd
    2.99885e+02    2.90337e+01    3.50385e-06

           Step           Time
           9500       19.00000

   Energies (kJ/mol)
           Bond            U-B    Proper Dih.  Improper Dih.      CMAP Dih.
    3.77208e+03    1.01828e+04    1.09606e+04    6.25855e+02   -2.50158e+01
          LJ-14     Coulomb-14        LJ (SR)   Coulomb (SR)   Coul. recip.
    4.04690e+03    6.24879e+04    8.84085e+04   -1.11806e+06    6.76825e+02
 Position Rest.      Potential    Kinetic En.   Total Energy  Conserved En.
    1.09451e+03   -9.35832e+05    1.86232e+05   -7.49599e+05   -7.46543e+05
    Temperature Pressure (bar)   Constr. rmsd
    3.02807e+02    9.27352e+01    3.72016e-06

           Step           Time
          10000       20.00000

   Energies (kJ/mol)
           Bond            U-B    Proper Dih.  Improper Dih.      CMAP Dih.
    3.58962e+03    1.01066e+04    1.09535e+04    5.63011e+02    1.89655e+01
          LJ-14     Coulomb-14        LJ (SR)   Coulomb (SR)   Coul. recip.
    4.10165e+03    6.24426e+04    8.88274e+04   -1.11984e+06    6.96513e+02
 Position Rest.      Potential    Kinetic En.   Total Energy  Conserved En.
    1.11358e+03   -9.37425e+05    1.85352e+05   -7.52073e+05   -7.46543e+05
    Temperature Pressure (bar)   Constr. rmsd
    3.01376e+02    9.88624e+01    3.54663e-06

           Step           Time
          10500       21.00000

   Energies (kJ/mol)
           Bond            U-B    Proper Dih.  Improper Dih.      CMAP Dih.
    3.74123e+03    1.01589e+04    1.09729e+04    6.35447e+02   -1.82142e+01
          LJ-14     Coulomb-14        LJ (SR)   Coulomb (SR)   Coul. recip.
    3.99105e+03    6.23346e+04    8.75929e+04   -1.11748e+06    6.91608e+02
 Position Rest.      Potential    Kinetic En.   Total Energy  Conserved En.
    1.19045e+03   -9.36193e+05    1.84661e+05   -7.51532e+05   -7.46523e+05
    Temperature Pressure (bar)   Constr. rmsd
    3.00252e+02   -1.43419e+02    3.65899e-06

           Step           Time
          11000       22.00000

   Energies (kJ/mol)
           Bond            U-B    Proper Dih.  Improper Dih.      CMAP Dih.
    3.83876e+03    1.00187e+04    1.10377e+04    6.22503e+02   -5.00396e+01
          LJ-14     Coulomb-14        LJ (SR)   Coulomb (SR)   Coul. recip.
    3.93615e+03    6.23264e+04    8.70531e+04   -1.11572e+06    7.68983e+02
 Position Rest.      Potential    Kinetic En.   Total Energy  Conserved En.
    1.19124e+03   -9.34978e+05    1.84218e+05   -7.50760e+05   -7.46496e+05
    Temperature Pressure (bar)   Constr. rmsd
    2.99532e+02   -1.45380e+02    3.66501e-06

           Step           Time
          11500       23.00000

   Energies (kJ/mol)
           Bond            U-B    Proper Dih.  Improper Dih.      CMAP Dih.
    3.82724e+03    1.01369e+04    1.10317e+04    5.63413e+02   -5.98022e+01
          LJ-14     Coulomb-14        LJ (SR)   Coulomb (SR)   Coul. recip.
    4.09241e+03    6.24673e+04    8.75342e+04   -1.11703e+06    7.17014e+02
 Position Rest.      Potential    Kinetic En.   Total Energy  Conserved En.
    1.18633e+03   -9.35536e+05    1.85501e+05   -7.50035e+05   -7.46492e+05
    Temperature Pressure (bar)   Constr. rmsd
    3.01617e+02   -9.27972e+01    3.68907e-06

           Step           Time
          12000       24.00000

   Energies (kJ/mol)
           Bond            U-B    Proper Dih.  Improper Dih.      CMAP Dih.
    3.62139e+03    1.03092e+04    1.10831e+04    5.87361e+02   -3.70328e+01
          LJ-14     Coulomb-14        LJ (SR)   Coulomb (SR)   Coul. recip.
    4.04121e+03    6.25236e+04    8.76161e+04   -1.11754e+06    6.89493e+02
 Position Rest.      Potential    Kinetic En.   Total Energy  Conserved En.
    1.08727e+03   -9.36022e+05    1.84379e+05   -7.51643e+05   -7.46485e+05
    Temperature Pressure (bar)   Constr. rmsd
    2.99793e+02    2.54896e+01    3.53588e-06

           Step           Time
          12500       25.00000

   Energies (kJ/mol)
           Bond            U-B    Proper Dih.  Improper Dih.      CMAP Dih.
    3.65420e+03    9.99308e+03    1.09690e+04    5.70529e+02    8.55235e+00
          LJ-14     Coulomb-14        LJ (SR)   Coulomb (SR)   Coul. recip.
    3.98164e+03    6.26195e+04    8.93919e+04   -1.11862e+06    7.27645e+02
 Position Rest.      Potential    Kinetic En.   Total Energy  Conserved En.
    1.07985e+03   -9.35629e+05    1.83493e+05   -7.52136e+05   -7.46469e+05
    Temperature Pressure (bar)   Constr. rmsd
    2.98353e+02    9.62486e+01    3.56012e-06

Writing checkpoint, step 12800 at Tue Jun 14 14:05:03 2022


           Step           Time
          13000       26.00000

   Energies (kJ/mol)
           Bond            U-B    Proper Dih.  Improper Dih.      CMAP Dih.
    3.53932e+03    1.02385e+04    1.08710e+04    6.25005e+02   -3.77817e+01
          LJ-14     Coulomb-14        LJ (SR)   Coulomb (SR)   Coul. recip.
    4.03907e+03    6.24049e+04    8.88052e+04   -1.11940e+06    7.21212e+02
 Position Rest.      Potential    Kinetic En.   Total Energy  Conserved En.
    1.14055e+03   -9.37056e+05    1.84134e+05   -7.52922e+05   -7.46465e+05
    Temperature Pressure (bar)   Constr. rmsd
    2.99395e+02   -8.57168e+00    3.47877e-06

           Step           Time
          13500       27.00000

   Energies (kJ/mol)
           Bond            U-B    Proper Dih.  Improper Dih.      CMAP Dih.
    3.53321e+03    1.03431e+04    1.09492e+04    6.22866e+02   -5.70410e+01
          LJ-14     Coulomb-14        LJ (SR)   Coulomb (SR)   Coul. recip.
    4.11282e+03    6.24881e+04    8.79810e+04   -1.11968e+06    6.58773e+02
 Position Rest.      Potential    Kinetic En.   Total Energy  Conserved En.
    1.04933e+03   -9.38003e+05    1.84331e+05   -7.53672e+05   -7.46427e+05
    Temperature Pressure (bar)   Constr. rmsd
    2.99716e+02    1.65453e+02    3.65668e-06

           Step           Time
          14000       28.00000

   Energies (kJ/mol)
           Bond            U-B    Proper Dih.  Improper Dih.      CMAP Dih.
    3.71954e+03    1.03138e+04    1.09558e+04    5.66883e+02    6.09439e+01
          LJ-14     Coulomb-14        LJ (SR)   Coulomb (SR)   Coul. recip.
    4.00132e+03    6.23889e+04    8.73607e+04   -1.11781e+06    6.90807e+02
 Position Rest.      Potential    Kinetic En.   Total Energy  Conserved En.
    1.10624e+03   -9.36646e+05    1.86771e+05   -7.49875e+05   -7.46459e+05
    Temperature Pressure (bar)   Constr. rmsd
    3.03683e+02   -2.70606e+01    3.80368e-06

           Step           Time
          14500       29.00000

   Energies (kJ/mol)
           Bond            U-B    Proper Dih.  Improper Dih.      CMAP Dih.
    3.87238e+03    1.01972e+04    1.10416e+04    5.92393e+02   -1.06025e+02
          LJ-14     Coulomb-14        LJ (SR)   Coulomb (SR)   Coul. recip.
    3.99143e+03    6.24819e+04    8.76381e+04   -1.11820e+06    6.90997e+02
 Position Rest.      Potential    Kinetic En.   Total Energy  Conserved En.
    1.09506e+03   -9.36706e+05    1.85022e+05   -7.51684e+05   -7.46416e+05
    Temperature Pressure (bar)   Constr. rmsd
    3.00838e+02   -1.02386e+02    3.67066e-06

           Step           Time
          15000       30.00000

   Energies (kJ/mol)
           Bond            U-B    Proper Dih.  Improper Dih.      CMAP Dih.
    3.45227e+03    1.03801e+04    1.08185e+04    5.97823e+02   -1.72134e+01
          LJ-14     Coulomb-14        LJ (SR)   Coulomb (SR)   Coul. recip.
    4.06906e+03    6.26015e+04    8.89487e+04   -1.11951e+06    7.58442e+02
 Position Rest.      Potential    Kinetic En.   Total Energy  Conserved En.
    1.05856e+03   -9.36838e+05    1.84679e+05   -7.52159e+05   -7.46410e+05
    Temperature Pressure (bar)   Constr. rmsd
    3.00281e+02    2.10731e+02    3.65817e-06

           Step           Time
          15500       31.00000

   Energies (kJ/mol)
           Bond            U-B    Proper Dih.  Improper Dih.      CMAP Dih.
    3.85764e+03    1.03340e+04    1.09193e+04    5.56237e+02   -3.00726e+01
          LJ-14     Coulomb-14        LJ (SR)   Coulomb (SR)   Coul. recip.
    3.98277e+03    6.26687e+04    8.89236e+04   -1.11923e+06    7.09031e+02
 Position Rest.      Potential    Kinetic En.   Total Energy  Conserved En.
    1.13569e+03   -9.36172e+05    1.83613e+05   -7.52559e+05   -7.46381e+05
    Temperature Pressure (bar)   Constr. rmsd
    2.98548e+02    1.84693e+02    3.62623e-06

           Step           Time
          16000       32.00000

   Energies (kJ/mol)
           Bond            U-B    Proper Dih.  Improper Dih.      CMAP Dih.
    3.60752e+03    1.03358e+04    1.08509e+04    5.37656e+02   -1.73116e+01
          LJ-14     Coulomb-14        LJ (SR)   Coulomb (SR)   Coul. recip.
    4.03318e+03    6.25161e+04    8.76103e+04   -1.11898e+06    7.13215e+02
 Position Rest.      Potential    Kinetic En.   Total Energy  Conserved En.
    1.17792e+03   -9.37612e+05    1.84759e+05   -7.52853e+05   -7.46375e+05
    Temperature Pressure (bar)   Constr. rmsd
    3.00411e+02   -3.17925e+01    3.82591e-06

           Step           Time
          16500       33.00000

   Energies (kJ/mol)
           Bond            U-B    Proper Dih.  Improper Dih.      CMAP Dih.
    3.72087e+03    1.04131e+04    1.08262e+04    5.39877e+02    3.94719e+00
          LJ-14     Coulomb-14        LJ (SR)   Coulomb (SR)   Coul. recip.
    3.90020e+03    6.24867e+04    8.73191e+04   -1.11628e+06    7.21255e+02
 Position Rest.      Potential    Kinetic En.   Total Energy  Conserved En.
    1.11327e+03   -9.35237e+05    1.84769e+05   -7.50468e+05   -7.46366e+05
    Temperature Pressure (bar)   Constr. rmsd
    3.00428e+02   -2.55635e+01    3.49146e-06

           Step           Time
          17000       34.00000

   Energies (kJ/mol)
           Bond            U-B    Proper Dih.  Improper Dih.      CMAP Dih.
    3.62268e+03    1.04223e+04    1.08987e+04    5.51720e+02   -1.92033e+01
          LJ-14     Coulomb-14        LJ (SR)   Coulomb (SR)   Coul. recip.
    4.07117e+03    6.24145e+04    8.76994e+04   -1.11703e+06    6.64462e+02
 Position Rest.      Potential    Kinetic En.   Total Energy  Conserved En.
    1.06942e+03   -9.35631e+05    1.84507e+05   -7.51124e+05   -7.46344e+05
    Temperature Pressure (bar)   Constr. rmsd
    3.00001e+02   -4.78652e+00    3.62268e-06

           Step           Time
          17500       35.00000

   Energies (kJ/mol)
           Bond            U-B    Proper Dih.  Improper Dih.      CMAP Dih.
    3.57735e+03    1.03236e+04    1.08695e+04    5.92657e+02   -3.12407e+01
          LJ-14     Coulomb-14        LJ (SR)   Coulomb (SR)   Coul. recip.
    4.13398e+03    6.27616e+04    8.67438e+04   -1.11571e+06    7.19150e+02
 Position Rest.      Potential    Kinetic En.   Total Energy  Conserved En.
    1.15640e+03   -9.34860e+05    1.86164e+05   -7.48696e+05   -7.46359e+05
    Temperature Pressure (bar)   Constr. rmsd
    3.02695e+02    1.96105e+01    3.78858e-06

           Step           Time
          18000       36.00000

   Energies (kJ/mol)
           Bond            U-B    Proper Dih.  Improper Dih.      CMAP Dih.
    3.59838e+03    1.03283e+04    1.09856e+04    5.90204e+02   -4.25079e+01
          LJ-14     Coulomb-14        LJ (SR)   Coulomb (SR)   Coul. recip.
    4.11774e+03    6.26526e+04    8.95298e+04   -1.11944e+06    7.43916e+02
 Position Rest.      Potential    Kinetic En.   Total Energy  Conserved En.
    1.16892e+03   -9.35769e+05    1.84481e+05   -7.51288e+05   -7.46325e+05
    Temperature Pressure (bar)   Constr. rmsd
    2.99959e+02    1.64831e+02    3.67641e-06

           Step           Time
          18500       37.00000

   Energies (kJ/mol)
           Bond            U-B    Proper Dih.  Improper Dih.      CMAP Dih.
    3.81998e+03    1.03444e+04    1.09254e+04    5.41881e+02   -4.63538e+01
          LJ-14     Coulomb-14        LJ (SR)   Coulomb (SR)   Coul. recip.
    3.98626e+03    6.23758e+04    8.78572e+04   -1.11863e+06    7.00372e+02
 Position Rest.      Potential    Kinetic En.   Total Energy  Conserved En.
    1.06378e+03   -9.37060e+05    1.83798e+05   -7.53262e+05   -7.46292e+05
    Temperature Pressure (bar)   Constr. rmsd
    2.98849e+02   -9.92781e+01    3.68185e-06

           Step           Time
          19000       38.00000

   Energies (kJ/mol)
           Bond            U-B    Proper Dih.  Improper Dih.      CMAP Dih.
    3.74191e+03    1.03264e+04    1.08660e+04    6.11630e+02   -4.86190e+01
          LJ-14     Coulomb-14        LJ (SR)   Coulomb (SR)   Coul. recip.
    4.06937e+03    6.25735e+04    8.83332e+04   -1.11865e+06    7.27092e+02
 Position Rest.      Potential    Kinetic En.   Total Energy  Conserved En.
    1.06907e+03   -9.36384e+05    1.84396e+05   -7.51988e+05   -7.46277e+05
    Temperature Pressure (bar)   Constr. rmsd
    2.99821e+02   -4.85078e+01    3.65615e-06

Writing checkpoint, step 19200 at Tue Jun 14 14:20:07 2022


           Step           Time
          19500       39.00000

   Energies (kJ/mol)
           Bond            U-B    Proper Dih.  Improper Dih.      CMAP Dih.
    3.55847e+03    1.02561e+04    1.08458e+04    5.85318e+02   -2.61264e+01
          LJ-14     Coulomb-14        LJ (SR)   Coulomb (SR)   Coul. recip.
    4.00355e+03    6.24045e+04    8.91093e+04   -1.12004e+06    6.96428e+02
 Position Rest.      Potential    Kinetic En.   Total Energy  Conserved En.
    1.11446e+03   -9.37489e+05    1.84393e+05   -7.53096e+05   -7.46300e+05
    Temperature Pressure (bar)   Constr. rmsd
    2.99816e+02    2.83644e+01    3.43641e-06

           Step           Time
          20000       40.00000

   Energies (kJ/mol)
           Bond            U-B    Proper Dih.  Improper Dih.      CMAP Dih.
    3.57024e+03    1.00870e+04    1.09157e+04    5.42814e+02   -2.65358e+01
          LJ-14     Coulomb-14        LJ (SR)   Coulomb (SR)   Coul. recip.
    4.05402e+03    6.27713e+04    8.82108e+04   -1.11904e+06    7.08599e+02
 Position Rest.      Potential    Kinetic En.   Total Energy  Conserved En.
    9.99968e+02   -9.37202e+05    1.85507e+05   -7.51695e+05   -7.46291e+05
    Temperature Pressure (bar)   Constr. rmsd
    3.01627e+02   -7.25692e+01    3.63942e-06

           Step           Time
          20500       41.00000

   Energies (kJ/mol)
           Bond            U-B    Proper Dih.  Improper Dih.      CMAP Dih.
    3.73088e+03    1.02566e+04    1.09474e+04    6.16104e+02   -4.16836e+01
          LJ-14     Coulomb-14        LJ (SR)   Coulomb (SR)   Coul. recip.
    4.02691e+03    6.25048e+04    8.73707e+04   -1.11704e+06    6.69703e+02
 Position Rest.      Potential    Kinetic En.   Total Energy  Conserved En.
    1.10560e+03   -9.35848e+05    1.85072e+05   -7.50776e+05   -7.46249e+05
    Temperature Pressure (bar)   Constr. rmsd
    3.00920e+02    4.27906e+01    3.51648e-06

           Step           Time
          21000       42.00000

   Energies (kJ/mol)
           Bond            U-B    Proper Dih.  Improper Dih.      CMAP Dih.
    3.69392e+03    1.02083e+04    1.09078e+04    6.00128e+02   -6.15478e+01
          LJ-14     Coulomb-14        LJ (SR)   Coulomb (SR)   Coul. recip.
    4.05161e+03    6.25866e+04    8.81924e+04   -1.11788e+06    7.39389e+02
 Position Rest.      Potential    Kinetic En.   Total Energy  Conserved En.
    1.10904e+03   -9.35851e+05    1.85093e+05   -7.50758e+05   -7.46252e+05
    Temperature Pressure (bar)   Constr. rmsd
    3.00955e+02    2.59666e+01    3.61263e-06

           Step           Time
          21500       43.00000

   Energies (kJ/mol)
           Bond            U-B    Proper Dih.  Improper Dih.      CMAP Dih.
    3.49834e+03    1.03085e+04    1.09550e+04    6.08571e+02    1.32869e+01
          LJ-14     Coulomb-14        LJ (SR)   Coulomb (SR)   Coul. recip.
    4.13219e+03    6.28115e+04    8.80332e+04   -1.11670e+06    7.22936e+02
 Position Rest.      Potential    Kinetic En.   Total Energy  Conserved En.
    1.11280e+03   -9.34504e+05    1.85118e+05   -7.49386e+05   -7.46255e+05
    Temperature Pressure (bar)   Constr. rmsd
    3.00994e+02    9.98180e+01    3.60273e-06

           Step           Time
          22000       44.00000

   Energies (kJ/mol)
           Bond            U-B    Proper Dih.  Improper Dih.      CMAP Dih.
    3.58756e+03    9.96082e+03    1.08797e+04    5.28431e+02   -3.00308e+01
          LJ-14     Coulomb-14        LJ (SR)   Coulomb (SR)   Coul. recip.
    4.13606e+03    6.28405e+04    8.83929e+04   -1.11862e+06    6.85978e+02
 Position Rest.      Potential    Kinetic En.   Total Energy  Conserved En.
    1.03267e+03   -9.36608e+05    1.84252e+05   -7.52356e+05   -7.46257e+05
    Temperature Pressure (bar)   Constr. rmsd
    2.99587e+02    3.06845e+01    3.66004e-06

           Step           Time
          22500       45.00000

   Energies (kJ/mol)
           Bond            U-B    Proper Dih.  Improper Dih.      CMAP Dih.
    3.52757e+03    1.02178e+04    1.09235e+04    6.04613e+02   -3.52332e+01
          LJ-14     Coulomb-14        LJ (SR)   Coulomb (SR)   Coul. recip.
    4.08611e+03    6.24714e+04    8.73489e+04   -1.11791e+06    7.34141e+02
 Position Rest.      Potential    Kinetic En.   Total Energy  Conserved En.
    1.04225e+03   -9.36990e+05    1.83634e+05   -7.53356e+05   -7.46221e+05
    Temperature Pressure (bar)   Constr. rmsd
    2.98581e+02   -1.01603e+02    3.51514e-06

           Step           Time
          23000       46.00000

   Energies (kJ/mol)
           Bond            U-B    Proper Dih.  Improper Dih.      CMAP Dih.
    3.66160e+03    1.01817e+04    1.10040e+04    6.19078e+02   -3.95280e+00
          LJ-14     Coulomb-14        LJ (SR)   Coulomb (SR)   Coul. recip.
    4.03468e+03    6.25860e+04    8.88268e+04   -1.11676e+06    6.97828e+02
 Position Rest.      Potential    Kinetic En.   Total Energy  Conserved En.
    1.13098e+03   -9.34026e+05    1.85355e+05   -7.48671e+05   -7.46242e+05
    Temperature Pressure (bar)   Constr. rmsd
    3.01381e+02    1.14210e+02    3.75091e-06

           Step           Time
          23500       47.00000

   Energies (kJ/mol)
           Bond            U-B    Proper Dih.  Improper Dih.      CMAP Dih.
    3.73974e+03    1.02824e+04    1.11202e+04    5.72888e+02   -5.02540e+01
          LJ-14     Coulomb-14        LJ (SR)   Coulomb (SR)   Coul. recip.
    4.05298e+03    6.23904e+04    8.77316e+04   -1.11711e+06    7.16741e+02
 Position Rest.      Potential    Kinetic En.   Total Energy  Conserved En.
    1.09118e+03   -9.35466e+05    1.85413e+05   -7.50052e+05   -7.46204e+05
    Temperature Pressure (bar)   Constr. rmsd
    3.01475e+02    1.12471e+02    3.87327e-06

           Step           Time
          24000       48.00000

   Energies (kJ/mol)
           Bond            U-B    Proper Dih.  Improper Dih.      CMAP Dih.
    3.71490e+03    1.04989e+04    1.08456e+04    5.61400e+02   -4.82782e+01
          LJ-14     Coulomb-14        LJ (SR)   Coulomb (SR)   Coul. recip.
    4.03195e+03    6.24986e+04    8.70121e+04   -1.11580e+06    7.24812e+02
 Position Rest.      Potential    Kinetic En.   Total Energy  Conserved En.
    1.05344e+03   -9.34909e+05    1.85300e+05   -7.49609e+05   -7.46175e+05
    Temperature Pressure (bar)   Constr. rmsd
    3.01291e+02   -6.49972e+01    3.91873e-06

           Step           Time
          24500       49.00000

   Energies (kJ/mol)
           Bond            U-B    Proper Dih.  Improper Dih.      CMAP Dih.
    3.73101e+03    1.03149e+04    1.10098e+04    5.38533e+02   -1.08312e+02
          LJ-14     Coulomb-14        LJ (SR)   Coulomb (SR)   Coul. recip.
    3.97987e+03    6.23470e+04    8.83724e+04   -1.11643e+06    7.12219e+02
 Position Rest.      Potential    Kinetic En.   Total Energy  Conserved En.
    1.09868e+03   -9.34434e+05    1.83357e+05   -7.51077e+05   -7.46173e+05
    Temperature Pressure (bar)   Constr. rmsd
    2.98132e+02    2.28356e+01    3.60421e-06

           Step           Time
          25000       50.00000

   Energies (kJ/mol)
           Bond            U-B    Proper Dih.  Improper Dih.      CMAP Dih.
    3.64102e+03    1.02180e+04    1.09788e+04    6.42876e+02   -3.95199e+01
          LJ-14     Coulomb-14        LJ (SR)   Coulomb (SR)   Coul. recip.
    4.05344e+03    6.26599e+04    8.85139e+04   -1.11865e+06    7.36645e+02
 Position Rest.      Potential    Kinetic En.   Total Energy  Conserved En.
    1.07706e+03   -9.36171e+05    1.85190e+05   -7.50980e+05   -7.46206e+05
    Temperature Pressure (bar)   Constr. rmsd
    3.01112e+02   -4.79131e+00    3.50933e-06

           Step           Time
          25500       51.00000

   Energies (kJ/mol)
           Bond            U-B    Proper Dih.  Improper Dih.      CMAP Dih.
    3.57188e+03    1.05230e+04    1.08026e+04    5.16678e+02   -4.91215e+01
          LJ-14     Coulomb-14        LJ (SR)   Coulomb (SR)   Coul. recip.
    3.96421e+03    6.23931e+04    8.81832e+04   -1.11809e+06    6.99811e+02
 Position Rest.      Potential    Kinetic En.   Total Energy  Conserved En.
    1.11765e+03   -9.36369e+05    1.82748e+05   -7.53620e+05   -7.46135e+05
    Temperature Pressure (bar)   Constr. rmsd
    2.97142e+02   -6.48831e+01    3.31710e-06

Writing checkpoint, step 25600 at Tue Jun 14 14:35:09 2022


           Step           Time
          26000       52.00000

   Energies (kJ/mol)
           Bond            U-B    Proper Dih.  Improper Dih.      CMAP Dih.
    3.60360e+03    1.02947e+04    1.08408e+04    5.59996e+02    2.82667e+01
          LJ-14     Coulomb-14        LJ (SR)   Coulomb (SR)   Coul. recip.
    4.12346e+03    6.25849e+04    8.89578e+04   -1.12057e+06    6.70058e+02
 Position Rest.      Potential    Kinetic En.   Total Energy  Conserved En.
    1.06158e+03   -9.37848e+05    1.83769e+05   -7.54079e+05   -7.46146e+05
    Temperature Pressure (bar)   Constr. rmsd
    2.98802e+02    6.93704e+01    3.37609e-06

           Step           Time
          26500       53.00000

   Energies (kJ/mol)
           Bond            U-B    Proper Dih.  Improper Dih.      CMAP Dih.
    3.74682e+03    1.02260e+04    1.08862e+04    5.81703e+02    2.99046e+01
          LJ-14     Coulomb-14        LJ (SR)   Coulomb (SR)   Coul. recip.
    3.94006e+03    6.26242e+04    8.83910e+04   -1.11944e+06    6.72505e+02
 Position Rest.      Potential    Kinetic En.   Total Energy  Conserved En.
    1.08737e+03   -9.37256e+05    1.84618e+05   -7.52637e+05   -7.46148e+05
    Temperature Pressure (bar)   Constr. rmsd
    3.00182e+02   -1.23312e+01    3.65206e-06

           Step           Time
          27000       54.00000

   Energies (kJ/mol)
           Bond            U-B    Proper Dih.  Improper Dih.      CMAP Dih.
    3.71833e+03    1.01420e+04    1.10088e+04    5.38159e+02    7.06044e+00
          LJ-14     Coulomb-14        LJ (SR)   Coulomb (SR)   Coul. recip.
    4.06875e+03    6.27023e+04    8.71878e+04   -1.11700e+06    7.22589e+02
 Position Rest.      Potential    Kinetic En.   Total Energy  Conserved En.
    9.76862e+02   -9.35929e+05    1.84814e+05   -7.51114e+05   -7.46105e+05
    Temperature Pressure (bar)   Constr. rmsd
    3.00501e+02   -1.11685e+02    3.46483e-06

           Step           Time
          27500       55.00000

   Energies (kJ/mol)
           Bond            U-B    Proper Dih.  Improper Dih.      CMAP Dih.
    3.68531e+03    1.00259e+04    1.09149e+04    5.62694e+02   -9.25386e+01
          LJ-14     Coulomb-14        LJ (SR)   Coulomb (SR)   Coul. recip.
    4.10964e+03    6.25362e+04    8.64017e+04   -1.11655e+06    7.31122e+02
 Position Rest.      Potential    Kinetic En.   Total Energy  Conserved En.
    1.00734e+03   -9.36665e+05    1.82281e+05   -7.54384e+05   -7.46115e+05
    Temperature Pressure (bar)   Constr. rmsd
    2.96382e+02   -1.06893e+02    3.63162e-06

           Step           Time
          28000       56.00000

   Energies (kJ/mol)
           Bond            U-B    Proper Dih.  Improper Dih.      CMAP Dih.
    3.75282e+03    1.01075e+04    1.09836e+04    5.86656e+02   -2.79918e+01
          LJ-14     Coulomb-14        LJ (SR)   Coulomb (SR)   Coul. recip.
    4.08573e+03    6.26670e+04    8.83414e+04   -1.11856e+06    7.11532e+02
 Position Rest.      Potential    Kinetic En.   Total Energy  Conserved En.
    9.95306e+02   -9.36361e+05    1.84072e+05   -7.52289e+05   -7.46122e+05
    Temperature Pressure (bar)   Constr. rmsd
    2.99294e+02    6.17805e+01    3.59627e-06

           Step           Time
          28500       57.00000

   Energies (kJ/mol)
           Bond            U-B    Proper Dih.  Improper Dih.      CMAP Dih.
    3.51006e+03    9.96598e+03    1.09214e+04    5.80706e+02   -8.25378e-01
          LJ-14     Coulomb-14        LJ (SR)   Coulomb (SR)   Coul. recip.
    4.13904e+03    6.26893e+04    8.76098e+04   -1.11922e+06    6.93314e+02
 Position Rest.      Potential    Kinetic En.   Total Energy  Conserved En.
    1.06228e+03   -9.38050e+05    1.82947e+05   -7.55103e+05   -7.46089e+05
    Temperature Pressure (bar)   Constr. rmsd
    2.97465e+02   -9.29293e+01    3.68467e-06

           Step           Time
          29000       58.00000

   Energies (kJ/mol)
           Bond            U-B    Proper Dih.  Improper Dih.      CMAP Dih.
    3.41227e+03    1.05624e+04    1.08959e+04    5.46396e+02   -8.01192e+00
          LJ-14     Coulomb-14        LJ (SR)   Coulomb (SR)   Coul. recip.
    4.04088e+03    6.25641e+04    8.77076e+04   -1.11784e+06    7.26518e+02
 Position Rest.      Potential    Kinetic En.   Total Energy  Conserved En.
    1.10948e+03   -9.36283e+05    1.84946e+05   -7.51338e+05   -7.46133e+05
    Temperature Pressure (bar)   Constr. rmsd
    3.00714e+02    1.00836e+02    3.56896e-06

           Step           Time
          29500       59.00000

   Energies (kJ/mol)
           Bond            U-B    Proper Dih.  Improper Dih.      CMAP Dih.
    3.51202e+03    1.03586e+04    1.09103e+04    5.51733e+02    8.76219e+00
          LJ-14     Coulomb-14        LJ (SR)   Coulomb (SR)   Coul. recip.
    4.05250e+03    6.27337e+04    8.66686e+04   -1.11654e+06    7.00069e+02
 Position Rest.      Potential    Kinetic En.   Total Energy  Conserved En.
    1.09859e+03   -9.35944e+05    1.85714e+05   -7.50230e+05   -7.46107e+05
    Temperature Pressure (bar)   Constr. rmsd
    3.01964e+02   -1.02993e+02    3.61758e-06

           Step           Time
          30000       60.00000

   Energies (kJ/mol)
           Bond            U-B    Proper Dih.  Improper Dih.      CMAP Dih.
    3.60789e+03    9.93380e+03    1.08804e+04    6.00063e+02   -1.34943e+00
          LJ-14     Coulomb-14        LJ (SR)   Coulomb (SR)   Coul. recip.
    3.98994e+03    6.24042e+04    8.74281e+04   -1.11734e+06    6.91190e+02
 Position Rest.      Potential    Kinetic En.   Total Energy  Conserved En.
    1.07621e+03   -9.36728e+05    1.84300e+05   -7.52428e+05   -7.46055e+05
    Temperature Pressure (bar)   Constr. rmsd
    2.99665e+02   -8.06578e+01    3.63852e-06

           Step           Time
          30500       61.00000

   Energies (kJ/mol)
           Bond            U-B    Proper Dih.  Improper Dih.      CMAP Dih.
    3.50515e+03    1.03293e+04    1.10377e+04    5.92493e+02   -3.45859e+01
          LJ-14     Coulomb-14        LJ (SR)   Coulomb (SR)   Coul. recip.
    4.04808e+03    6.25846e+04    8.90860e+04   -1.11918e+06    6.88612e+02
 Position Rest.      Potential    Kinetic En.   Total Energy  Conserved En.
    1.12855e+03   -9.36215e+05    1.83476e+05   -7.52739e+05   -7.46044e+05
    Temperature Pressure (bar)   Constr. rmsd
    2.98325e+02    7.84470e+01    3.41118e-06

           Step           Time
          31000       62.00000

   Energies (kJ/mol)
           Bond            U-B    Proper Dih.  Improper Dih.      CMAP Dih.
    3.53174e+03    1.02183e+04    1.08851e+04    5.28318e+02   -4.46647e+01
          LJ-14     Coulomb-14        LJ (SR)   Coulomb (SR)   Coul. recip.
    4.12574e+03    6.27379e+04    8.91802e+04   -1.11969e+06    7.22069e+02
 Position Rest.      Potential    Kinetic En.   Total Energy  Conserved En.
    1.09719e+03   -9.36710e+05    1.83645e+05   -7.53064e+05   -7.46055e+05
    Temperature Pressure (bar)   Constr. rmsd
    2.98600e+02    1.30040e+02    3.61421e-06

           Step           Time
          31500       63.00000

   Energies (kJ/mol)
           Bond            U-B    Proper Dih.  Improper Dih.      CMAP Dih.
    3.56690e+03    1.01906e+04    1.08808e+04    4.60684e+02   -3.87575e+01
          LJ-14     Coulomb-14        LJ (SR)   Coulomb (SR)   Coul. recip.
    4.10779e+03    6.26261e+04    8.74366e+04   -1.11717e+06    7.16062e+02
 Position Rest.      Potential    Kinetic En.   Total Energy  Conserved En.
    1.12642e+03   -9.36098e+05    1.85480e+05   -7.50618e+05   -7.46062e+05
    Temperature Pressure (bar)   Constr. rmsd
    3.01583e+02   -1.74931e+00    3.66958e-06

Writing checkpoint, step 31520 at Tue Jun 14 14:50:03 2022


           Step           Time
          32000       64.00000

   Energies (kJ/mol)
           Bond            U-B    Proper Dih.  Improper Dih.      CMAP Dih.
    3.78715e+03    1.02222e+04    1.08707e+04    5.48279e+02   -3.90220e+01
          LJ-14     Coulomb-14        LJ (SR)   Coulomb (SR)   Coul. recip.
    3.95820e+03    6.24593e+04    8.90190e+04   -1.11933e+06    7.23727e+02
 Position Rest.      Potential    Kinetic En.   Total Energy  Conserved En.
    1.10179e+03   -9.36678e+05    1.84867e+05   -7.51811e+05   -7.46025e+05
    Temperature Pressure (bar)   Constr. rmsd
    3.00587e+02   -2.42616e+01    3.65045e-06

           Step           Time
          32500       65.00000

   Energies (kJ/mol)
           Bond            U-B    Proper Dih.  Improper Dih.      CMAP Dih.
    3.76996e+03    1.00944e+04    1.08926e+04    5.49637e+02   -1.46911e+01
          LJ-14     Coulomb-14        LJ (SR)   Coulomb (SR)   Coul. recip.
    4.10156e+03    6.24222e+04    8.77282e+04   -1.11797e+06    6.84533e+02
 Position Rest.      Potential    Kinetic En.   Total Energy  Conserved En.
    1.17874e+03   -9.36559e+05    1.84744e+05   -7.51815e+05   -7.46005e+05
    Temperature Pressure (bar)   Constr. rmsd
    3.00387e+02   -5.01496e+01    3.57889e-06

           Step           Time
          33000       66.00000

   Energies (kJ/mol)
           Bond            U-B    Proper Dih.  Improper Dih.      CMAP Dih.
    3.42132e+03    1.02746e+04    1.08791e+04    6.01056e+02   -2.64123e+01
          LJ-14     Coulomb-14        LJ (SR)   Coulomb (SR)   Coul. recip.
    4.14848e+03    6.26847e+04    8.76778e+04   -1.11846e+06    7.04558e+02
 Position Rest.      Potential    Kinetic En.   Total Energy  Conserved En.
    1.07527e+03   -9.37016e+05    1.85113e+05   -7.51903e+05   -7.46026e+05
    Temperature Pressure (bar)   Constr. rmsd
    3.00986e+02    4.03785e+01    3.46054e-06

           Step           Time
          33500       67.00000

   Energies (kJ/mol)
           Bond            U-B    Proper Dih.  Improper Dih.      CMAP Dih.
    3.92952e+03    1.01569e+04    1.08845e+04    5.67164e+02   -3.55174e+01
          LJ-14     Coulomb-14        LJ (SR)   Coulomb (SR)   Coul. recip.
    4.09542e+03    6.27065e+04    8.72696e+04   -1.11805e+06    7.03910e+02
 Position Rest.      Potential    Kinetic En.   Total Energy  Conserved En.
    1.09023e+03   -9.36684e+05    1.84995e+05   -7.51689e+05   -7.45965e+05
    Temperature Pressure (bar)   Constr. rmsd
    3.00795e+02   -9.74243e+01    3.52422e-06

           Step           Time
          34000       68.00000

   Energies (kJ/mol)
           Bond            U-B    Proper Dih.  Improper Dih.      CMAP Dih.
    3.63644e+03    1.01689e+04    1.08778e+04    6.53465e+02   -6.75078e+01
          LJ-14     Coulomb-14        LJ (SR)   Coulomb (SR)   Coul. recip.
    4.05181e+03    6.25340e+04    8.77943e+04   -1.11812e+06    7.02698e+02
 Position Rest.      Potential    Kinetic En.   Total Energy  Conserved En.
    1.11440e+03   -9.36657e+05    1.85295e+05   -7.51363e+05   -7.46002e+05
    Temperature Pressure (bar)   Constr. rmsd
    3.01282e+02    5.35889e+01    3.63637e-06

           Step           Time
          34500       69.00000

   Energies (kJ/mol)
           Bond            U-B    Proper Dih.  Improper Dih.      CMAP Dih.
    3.79269e+03    1.01944e+04    1.09245e+04    5.11996e+02   -8.51094e+01
          LJ-14     Coulomb-14        LJ (SR)   Coulomb (SR)   Coul. recip.
    3.99070e+03    6.25131e+04    9.04526e+04   -1.12049e+06    7.22805e+02
 Position Rest.      Potential    Kinetic En.   Total Energy  Conserved En.
    1.17264e+03   -9.36300e+05    1.84420e+05   -7.51880e+05   -7.46004e+05
    Temperature Pressure (bar)   Constr. rmsd
    2.99860e+02    1.27870e+02    3.61844e-06

           Step           Time
          35000       70.00000

   Energies (kJ/mol)
           Bond            U-B    Proper Dih.  Improper Dih.      CMAP Dih.
    3.73970e+03    9.93722e+03    1.09999e+04    5.86618e+02   -2.78618e+01
          LJ-14     Coulomb-14        LJ (SR)   Coulomb (SR)   Coul. recip.
    3.97101e+03    6.27353e+04    8.81511e+04   -1.12104e+06    6.94504e+02
 Position Rest.      Potential    Kinetic En.   Total Energy  Conserved En.
    1.06248e+03   -9.39192e+05    1.83652e+05   -7.55540e+05   -7.45944e+05
    Temperature Pressure (bar)   Constr. rmsd
    2.98611e+02   -1.66954e+02    3.42630e-06

           Step           Time
          35500       71.00000

   Energies (kJ/mol)
           Bond            U-B    Proper Dih.  Improper Dih.      CMAP Dih.
    3.62334e+03    1.00738e+04    1.09581e+04    5.87655e+02   -5.50187e+01
          LJ-14     Coulomb-14        LJ (SR)   Coulomb (SR)   Coul. recip.
    4.08887e+03    6.27007e+04    8.90936e+04   -1.11922e+06    7.23160e+02
 Position Rest.      Potential    Kinetic En.   Total Energy  Conserved En.
    1.10287e+03   -9.36327e+05    1.83571e+05   -7.52757e+05   -7.45947e+05
    Temperature Pressure (bar)   Constr. rmsd
    2.98479e+02    2.03284e+02    3.56143e-06

           Step           Time
          36000       72.00000

   Energies (kJ/mol)
           Bond            U-B    Proper Dih.  Improper Dih.      CMAP Dih.
    3.76634e+03    1.02570e+04    1.10182e+04    5.77010e+02   -6.05822e+01
          LJ-14     Coulomb-14        LJ (SR)   Coulomb (SR)   Coul. recip.
    3.97735e+03    6.25605e+04    8.73024e+04   -1.11720e+06    6.76613e+02
 Position Rest.      Potential    Kinetic En.   Total Energy  Conserved En.
    1.11104e+03   -9.36012e+05    1.85610e+05   -7.50402e+05   -7.45921e+05
    Temperature Pressure (bar)   Constr. rmsd
    3.01795e+02   -1.37723e+02    3.58025e-06

           Step           Time
          36500       73.00000

   Energies (kJ/mol)
           Bond            U-B    Proper Dih.  Improper Dih.      CMAP Dih.
    3.67512e+03    1.02447e+04    1.09236e+04    5.47045e+02   -2.12080e+01
          LJ-14     Coulomb-14        LJ (SR)   Coulomb (SR)   Coul. recip.
    3.97944e+03    6.26652e+04    8.75411e+04   -1.11716e+06    7.33846e+02
 Position Rest.      Potential    Kinetic En.   Total Energy  Conserved En.
    1.02305e+03   -9.35845e+05    1.83884e+05   -7.51961e+05   -7.45925e+05
    Temperature Pressure (bar)   Constr. rmsd
    2.98987e+02   -1.56831e+01    3.85673e-06

           Step           Time
          37000       74.00000

   Energies (kJ/mol)
           Bond            U-B    Proper Dih.  Improper Dih.      CMAP Dih.
    3.67729e+03    1.01465e+04    1.08287e+04    5.83907e+02   -4.86754e+01
          LJ-14     Coulomb-14        LJ (SR)   Coulomb (SR)   Coul. recip.
    3.94882e+03    6.26861e+04    8.83344e+04   -1.11999e+06    7.36343e+02
 Position Rest.      Potential    Kinetic En.   Total Energy  Conserved En.
    9.83728e+02   -9.38110e+05    1.84735e+05   -7.53375e+05   -7.45914e+05
    Temperature Pressure (bar)   Constr. rmsd
    3.00373e+02   -2.42377e+01    3.56532e-06

Writing checkpoint, step 37280 at Tue Jun 14 15:05:07 2022


           Step           Time
          37500       75.00000

   Energies (kJ/mol)
           Bond            U-B    Proper Dih.  Improper Dih.      CMAP Dih.
    3.73291e+03    9.89700e+03    1.08386e+04    5.61944e+02   -4.05784e+01
          LJ-14     Coulomb-14        LJ (SR)   Coulomb (SR)   Coul. recip.
    4.07421e+03    6.27170e+04    8.86691e+04   -1.12127e+06    7.10080e+02
 Position Rest.      Potential    Kinetic En.   Total Energy  Conserved En.
    1.06636e+03   -9.39041e+05    1.83931e+05   -7.55109e+05   -7.45914e+05
    Temperature Pressure (bar)   Constr. rmsd
    2.99065e+02   -3.04280e+01    3.71548e-06

           Step           Time
          38000       76.00000

   Energies (kJ/mol)
           Bond            U-B    Proper Dih.  Improper Dih.      CMAP Dih.
    3.60073e+03    1.03707e+04    1.09364e+04    5.91662e+02   -3.37760e+01
          LJ-14     Coulomb-14        LJ (SR)   Coulomb (SR)   Coul. recip.
    3.92075e+03    6.24994e+04    8.83165e+04   -1.11681e+06    7.03621e+02
 Position Rest.      Potential    Kinetic En.   Total Energy  Conserved En.
    1.15174e+03   -9.34756e+05    1.85052e+05   -7.49704e+05   -7.45897e+05
    Temperature Pressure (bar)   Constr. rmsd
    3.00888e+02    4.50516e+01    3.36783e-06

           Step           Time
          38500       77.00000

   Energies (kJ/mol)
           Bond            U-B    Proper Dih.  Improper Dih.      CMAP Dih.
    3.72940e+03    1.01814e+04    1.09305e+04    6.04901e+02   -2.86308e+01
          LJ-14     Coulomb-14        LJ (SR)   Coulomb (SR)   Coul. recip.
    4.05526e+03    6.25957e+04    8.69549e+04   -1.11596e+06    6.95248e+02
 Position Rest.      Potential    Kinetic En.   Total Energy  Conserved En.
    1.09012e+03   -9.35148e+05    1.83970e+05   -7.51178e+05   -7.45850e+05
    Temperature Pressure (bar)   Constr. rmsd
    2.99129e+02   -1.51731e+02    3.55846e-06

           Step           Time
          39000       78.00000

   Energies (kJ/mol)
           Bond            U-B    Proper Dih.  Improper Dih.      CMAP Dih.
    3.67060e+03    1.00350e+04    1.08599e+04    5.50989e+02   -6.24990e+01
          LJ-14     Coulomb-14        LJ (SR)   Coulomb (SR)   Coul. recip.
    4.02895e+03    6.25257e+04    8.81700e+04   -1.11855e+06    6.90307e+02
 Position Rest.      Potential    Kinetic En.   Total Energy  Conserved En.
    1.09138e+03   -9.36993e+05    1.84193e+05   -7.52800e+05   -7.45879e+05
    Temperature Pressure (bar)   Constr. rmsd
    2.99491e+02    3.64564e+01    3.61922e-06

           Step           Time
          39500       79.00000

   Energies (kJ/mol)
           Bond            U-B    Proper Dih.  Improper Dih.      CMAP Dih.
    3.49113e+03    1.05082e+04    1.09107e+04    5.90687e+02   -7.57877e+01
          LJ-14     Coulomb-14        LJ (SR)   Coulomb (SR)   Coul. recip.
    4.14382e+03    6.27022e+04    8.90524e+04   -1.11846e+06    6.78908e+02
 Position Rest.      Potential    Kinetic En.   Total Energy  Conserved En.
    1.13021e+03   -9.35330e+05    1.85159e+05   -7.50171e+05   -7.45855e+05
    Temperature Pressure (bar)   Constr. rmsd
    3.01062e+02    6.21296e+01    3.71044e-06

           Step           Time
          40000       80.00000

   Energies (kJ/mol)
           Bond            U-B    Proper Dih.  Improper Dih.      CMAP Dih.
    3.69043e+03    1.03715e+04    1.08660e+04    5.80367e+02   -5.87211e+01
          LJ-14     Coulomb-14        LJ (SR)   Coulomb (SR)   Coul. recip.
    4.09233e+03    6.24493e+04    8.79638e+04   -1.11667e+06    6.79623e+02
 Position Rest.      Potential    Kinetic En.   Total Energy  Conserved En.
    1.08160e+03   -9.34956e+05    1.85018e+05   -7.49938e+05   -7.45862e+05
    Temperature Pressure (bar)   Constr. rmsd
    3.00832e+02    1.28590e+02    3.53016e-06

           Step           Time
          40500       81.00000

   Energies (kJ/mol)
           Bond            U-B    Proper Dih.  Improper Dih.      CMAP Dih.
    3.79473e+03    9.88947e+03    1.08141e+04    6.36445e+02   -4.09762e+01
          LJ-14     Coulomb-14        LJ (SR)   Coulomb (SR)   Coul. recip.
    4.03241e+03    6.25643e+04    8.86880e+04   -1.11839e+06    6.92070e+02
 Position Rest.      Potential    Kinetic En.   Total Energy  Conserved En.
    1.14628e+03   -9.36176e+05    1.85242e+05   -7.50934e+05   -7.45874e+05
    Temperature Pressure (bar)   Constr. rmsd
    3.01197e+02   -3.18122e+01    3.57200e-06

           Step           Time
          41000       82.00000

   Energies (kJ/mol)
           Bond            U-B    Proper Dih.  Improper Dih.      CMAP Dih.
    3.96798e+03    1.02156e+04    1.08866e+04    5.54337e+02   -6.24081e+01
          LJ-14     Coulomb-14        LJ (SR)   Coulomb (SR)   Coul. recip.
    4.01792e+03    6.25866e+04    8.74659e+04   -1.11627e+06    6.94139e+02
 Position Rest.      Potential    Kinetic En.   Total Energy  Conserved En.
    1.24349e+03   -9.34700e+05    1.83926e+05   -7.50774e+05   -7.45820e+05
    Temperature Pressure (bar)   Constr. rmsd
    2.99056e+02   -4.42129e+01    3.50530e-06

           Step           Time
          41500       83.00000

   Energies (kJ/mol)
           Bond            U-B    Proper Dih.  Improper Dih.      CMAP Dih.
    3.57572e+03    1.04595e+04    1.09376e+04    6.04306e+02   -4.29906e+01
          LJ-14     Coulomb-14        LJ (SR)   Coulomb (SR)   Coul. recip.
    4.02449e+03    6.26949e+04    8.86636e+04   -1.11897e+06    6.82902e+02
 Position Rest.      Potential    Kinetic En.   Total Energy  Conserved En.
    1.00682e+03   -9.36358e+05    1.84451e+05   -7.51908e+05   -7.45804e+05
    Temperature Pressure (bar)   Constr. rmsd
    2.99910e+02    4.36941e+01    3.52867e-06

           Step           Time
          42000       84.00000

   Energies (kJ/mol)
           Bond            U-B    Proper Dih.  Improper Dih.      CMAP Dih.
    3.59457e+03    1.02318e+04    1.09498e+04    5.90148e+02   -2.66811e+01
          LJ-14     Coulomb-14        LJ (SR)   Coulomb (SR)   Coul. recip.
    4.10429e+03    6.26662e+04    8.52721e+04   -1.11443e+06    7.12420e+02
 Position Rest.      Potential    Kinetic En.   Total Energy  Conserved En.
    1.09484e+03   -9.35237e+05    1.84972e+05   -7.50265e+05   -7.45812e+05
    Temperature Pressure (bar)   Constr. rmsd
    3.00757e+02   -1.28411e+02    3.60927e-06

           Step           Time
          42500       85.00000

   Energies (kJ/mol)
           Bond            U-B    Proper Dih.  Improper Dih.      CMAP Dih.
    3.69489e+03    1.02619e+04    1.08284e+04    5.32185e+02   -9.28731e+01
          LJ-14     Coulomb-14        LJ (SR)   Coulomb (SR)   Coul. recip.
    4.06047e+03    6.26714e+04    8.79257e+04   -1.11741e+06    6.99029e+02
 Position Rest.      Potential    Kinetic En.   Total Energy  Conserved En.
    1.09659e+03   -9.35735e+05    1.84417e+05   -7.51318e+05   -7.45809e+05
    Temperature Pressure (bar)   Constr. rmsd
    2.99855e+02    3.85734e+01    3.48469e-06

Writing checkpoint, step 42720 at Tue Jun 14 15:20:03 2022


           Step           Time
          43000       86.00000

   Energies (kJ/mol)
           Bond            U-B    Proper Dih.  Improper Dih.      CMAP Dih.
    3.63478e+03    1.03745e+04    1.09547e+04    5.80544e+02   -3.92977e+01
          LJ-14     Coulomb-14        LJ (SR)   Coulomb (SR)   Coul. recip.
    3.93056e+03    6.23300e+04    8.84007e+04   -1.11812e+06    7.18607e+02
 Position Rest.      Potential    Kinetic En.   Total Energy  Conserved En.
    1.18476e+03   -9.36046e+05    1.82911e+05   -7.53136e+05   -7.45773e+05
    Temperature Pressure (bar)   Constr. rmsd
    2.97406e+02   -2.51753e+01    3.53729e-06

           Step           Time
          43500       87.00000

   Energies (kJ/mol)
           Bond            U-B    Proper Dih.  Improper Dih.      CMAP Dih.
    3.65732e+03    1.05421e+04    1.08705e+04    5.00459e+02   -3.92670e+01
          LJ-14     Coulomb-14        LJ (SR)   Coulomb (SR)   Coul. recip.
    4.08824e+03    6.23755e+04    8.86917e+04   -1.11684e+06    6.75214e+02
 Position Rest.      Potential    Kinetic En.   Total Energy  Conserved En.
    1.19779e+03   -9.34280e+05    1.84856e+05   -7.49423e+05   -7.45786e+05
    Temperature Pressure (bar)   Constr. rmsd
    3.00569e+02    7.66426e+01    3.38852e-06

           Step           Time
          44000       88.00000

   Energies (kJ/mol)
           Bond            U-B    Proper Dih.  Improper Dih.      CMAP Dih.
    3.72325e+03    1.01162e+04    1.09940e+04    6.79478e+02   -2.45975e+01
          LJ-14     Coulomb-14        LJ (SR)   Coulomb (SR)   Coul. recip.
    4.00524e+03    6.25004e+04    8.75778e+04   -1.11826e+06    7.18062e+02
 Position Rest.      Potential    Kinetic En.   Total Energy  Conserved En.
    1.15053e+03   -9.36816e+05    1.86261e+05   -7.50556e+05   -7.45787e+05
    Temperature Pressure (bar)   Constr. rmsd
    3.02853e+02    1.16452e+01    3.65598e-06

           Step           Time
          44500       89.00000

   Energies (kJ/mol)
           Bond            U-B    Proper Dih.  Improper Dih.      CMAP Dih.
    3.81093e+03    1.00515e+04    1.09071e+04    6.23583e+02    7.24701e+00
          LJ-14     Coulomb-14        LJ (SR)   Coulomb (SR)   Coul. recip.
    3.95068e+03    6.25761e+04    8.86353e+04   -1.11755e+06    6.66717e+02
 Position Rest.      Potential    Kinetic En.   Total Energy  Conserved En.
    1.08748e+03   -9.35235e+05    1.84596e+05   -7.50638e+05   -7.45796e+05
    Temperature Pressure (bar)   Constr. rmsd
    3.00147e+02    1.52672e+01    3.70102e-06

           Step           Time
          45000       90.00000

   Energies (kJ/mol)
           Bond            U-B    Proper Dih.  Improper Dih.      CMAP Dih.
    3.79780e+03    9.83697e+03    1.09362e+04    5.82479e+02    2.42450e+01
          LJ-14     Coulomb-14        LJ (SR)   Coulomb (SR)   Coul. recip.
    4.10813e+03    6.25099e+04    8.62808e+04   -1.11508e+06    6.96250e+02
 Position Rest.      Potential    Kinetic En.   Total Energy  Conserved En.
    1.14350e+03   -9.35165e+05    1.85145e+05   -7.50020e+05   -7.45786e+05
    Temperature Pressure (bar)   Constr. rmsd
    3.01039e+02   -1.22675e+02    3.62100e-06

           Step           Time
          45500       91.00000

   Energies (kJ/mol)
           Bond            U-B    Proper Dih.  Improper Dih.      CMAP Dih.
    3.63985e+03    1.01311e+04    1.08754e+04    5.84498e+02   -4.49499e+01
          LJ-14     Coulomb-14        LJ (SR)   Coulomb (SR)   Coul. recip.
    4.12920e+03    6.24689e+04    8.66361e+04   -1.11815e+06    7.49065e+02
 Position Rest.      Potential    Kinetic En.   Total Energy  Conserved En.
    1.11676e+03   -9.37864e+05    1.85179e+05   -7.52685e+05   -7.45750e+05
    Temperature Pressure (bar)   Constr. rmsd
    3.01094e+02   -1.03229e+02    3.36680e-06

           Step           Time
          46000       92.00000

   Energies (kJ/mol)
           Bond            U-B    Proper Dih.  Improper Dih.      CMAP Dih.
    3.63385e+03    1.02335e+04    1.09188e+04    5.83013e+02    2.93143e+00
          LJ-14     Coulomb-14        LJ (SR)   Coulomb (SR)   Coul. recip.
    4.08633e+03    6.24881e+04    8.81880e+04   -1.11872e+06    6.65912e+02
 Position Rest.      Potential    Kinetic En.   Total Energy  Conserved En.
    1.12692e+03   -9.36788e+05    1.84075e+05   -7.52714e+05   -7.45730e+05
    Temperature Pressure (bar)   Constr. rmsd
    2.99298e+02    4.07421e+01    3.50588e-06

           Step           Time
          46500       93.00000

   Energies (kJ/mol)
           Bond            U-B    Proper Dih.  Improper Dih.      CMAP Dih.
    3.72001e+03    1.01216e+04    1.08594e+04    6.02262e+02    2.75529e+01
          LJ-14     Coulomb-14        LJ (SR)   Coulomb (SR)   Coul. recip.
    4.10542e+03    6.23711e+04    8.80646e+04   -1.11742e+06    6.86413e+02
 Position Rest.      Potential    Kinetic En.   Total Energy  Conserved En.
    1.09789e+03   -9.35767e+05    1.84951e+05   -7.50816e+05   -7.45715e+05
    Temperature Pressure (bar)   Constr. rmsd
    3.00723e+02    7.18496e+01    3.68885e-06

           Step           Time
          47000       94.00000

   Energies (kJ/mol)
           Bond            U-B    Proper Dih.  Improper Dih.      CMAP Dih.
    3.62640e+03    1.04332e+04    1.08986e+04    6.15168e+02   -9.79740e+00
          LJ-14     Coulomb-14        LJ (SR)   Coulomb (SR)   Coul. recip.
    3.94228e+03    6.29570e+04    8.73442e+04   -1.11990e+06    7.05120e+02
 Position Rest.      Potential    Kinetic En.   Total Energy  Conserved En.
    1.13628e+03   -9.38255e+05    1.85146e+05   -7.53108e+05   -7.45690e+05
    Temperature Pressure (bar)   Constr. rmsd
    3.01041e+02   -1.83520e+02    3.56230e-06

           Step           Time
          47500       95.00000

   Energies (kJ/mol)
           Bond            U-B    Proper Dih.  Improper Dih.      CMAP Dih.
    3.60775e+03    1.00943e+04    1.09317e+04    5.31276e+02   -6.51501e+01
          LJ-14     Coulomb-14        LJ (SR)   Coulomb (SR)   Coul. recip.
    4.11280e+03    6.26648e+04    8.69124e+04   -1.11677e+06    6.71833e+02
 Position Rest.      Potential    Kinetic En.   Total Energy  Conserved En.
    1.10685e+03   -9.36205e+05    1.83815e+05   -7.52390e+05   -7.45692e+05
    Temperature Pressure (bar)   Constr. rmsd
    2.98876e+02    2.15166e+01    3.45876e-06

           Step           Time
          48000       96.00000

   Energies (kJ/mol)
           Bond            U-B    Proper Dih.  Improper Dih.      CMAP Dih.
    3.59115e+03    1.00751e+04    1.09999e+04    6.11818e+02   -2.65447e+01
          LJ-14     Coulomb-14        LJ (SR)   Coulomb (SR)   Coul. recip.
    4.11161e+03    6.28567e+04    8.82940e+04   -1.11811e+06    7.35921e+02
 Position Rest.      Potential    Kinetic En.   Total Energy  Conserved En.
    1.03823e+03   -9.35821e+05    1.84047e+05   -7.51774e+05   -7.45672e+05
    Temperature Pressure (bar)   Constr. rmsd
    2.99253e+02    6.98043e+01    3.53701e-06

Writing checkpoint, step 48160 at Tue Jun 14 15:35:10 2022


           Step           Time
          48500       97.00000

   Energies (kJ/mol)
           Bond            U-B    Proper Dih.  Improper Dih.      CMAP Dih.
    3.72900e+03    1.03248e+04    1.09217e+04    6.17430e+02   -4.54458e+01
          LJ-14     Coulomb-14        LJ (SR)   Coulomb (SR)   Coul. recip.
    4.03439e+03    6.25928e+04    8.96605e+04   -1.11989e+06    7.22873e+02
 Position Rest.      Potential    Kinetic En.   Total Energy  Conserved En.
    1.06050e+03   -9.36275e+05    1.84341e+05   -7.51934e+05   -7.45644e+05
    Temperature Pressure (bar)   Constr. rmsd
    2.99731e+02    8.42427e+01    3.55568e-06

           Step           Time
          49000       98.00000

   Energies (kJ/mol)
           Bond            U-B    Proper Dih.  Improper Dih.      CMAP Dih.
    3.45905e+03    1.00312e+04    1.10618e+04    6.01317e+02   -8.35586e+00
          LJ-14     Coulomb-14        LJ (SR)   Coulomb (SR)   Coul. recip.
    4.15334e+03    6.27555e+04    8.66284e+04   -1.11665e+06    6.55171e+02
 Position Rest.      Potential    Kinetic En.   Total Energy  Conserved En.
    1.14059e+03   -9.36176e+05    1.84319e+05   -7.51857e+05   -7.45681e+05
    Temperature Pressure (bar)   Constr. rmsd
    2.99696e+02   -1.63858e+01    3.56593e-06

           Step           Time
          49500       99.00000

   Energies (kJ/mol)
           Bond            U-B    Proper Dih.  Improper Dih.      CMAP Dih.
    3.96603e+03    1.00025e+04    1.09511e+04    5.26471e+02   -6.50193e+01
          LJ-14     Coulomb-14        LJ (SR)   Coulomb (SR)   Coul. recip.
    3.98043e+03    6.24202e+04    8.90000e+04   -1.11961e+06    7.06337e+02
 Position Rest.      Potential    Kinetic En.   Total Energy  Conserved En.
    1.08877e+03   -9.37030e+05    1.84133e+05   -7.52897e+05   -7.45646e+05
    Temperature Pressure (bar)   Constr. rmsd
    2.99393e+02    1.76471e+01    3.73095e-06

           Step           Time
          50000      100.00000

Writing checkpoint, step 50000 at Tue Jun 14 15:40:14 2022


   Energies (kJ/mol)
           Bond            U-B    Proper Dih.  Improper Dih.      CMAP Dih.
    3.72655e+03    1.02006e+04    1.08685e+04    5.76492e+02   -3.26278e+01
          LJ-14     Coulomb-14        LJ (SR)   Coulomb (SR)   Coul. recip.
    4.11309e+03    6.26490e+04    8.71366e+04   -1.11747e+06    7.00995e+02
 Position Rest.      Potential    Kinetic En.   Total Energy  Conserved En.
    1.08464e+03   -9.36448e+05    1.85857e+05   -7.50591e+05   -7.45641e+05
    Temperature Pressure (bar)   Constr. rmsd
    3.02197e+02   -8.14160e+01    3.51567e-06


Energy conservation over simulation part #1 of length 100 ns, time 0 to 100 ns
  Conserved energy drift: 1.53e-04 kJ/mol/ps per atom


	<======  ###############  ==>
	<====  A V E R A G E S  ====>
	<==  ###############  ======>

	Statistics over 50001 steps using 501 frames

   Energies (kJ/mol)
           Bond            U-B    Proper Dih.  Improper Dih.      CMAP Dih.
    3.66107e+03    1.02244e+04    1.09182e+04    5.73325e+02   -2.98489e+01
          LJ-14     Coulomb-14        LJ (SR)   Coulomb (SR)   Coul. recip.
    4.03461e+03    6.25418e+04    8.80110e+04   -1.11789e+06    7.00741e+02
 Position Rest.      Potential    Kinetic En.   Total Energy  Conserved En.
    1.10007e+03   -9.36153e+05    1.84510e+05   -7.51643e+05   -7.46187e+05
    Temperature Pressure (bar)   Constr. rmsd
    3.00006e+02   -1.44199e+01    0.00000e+00

          Box-X          Box-Y          Box-Z
    1.00392e+01    1.00392e+01    7.09877e+00

   Total Virial (kJ/mol)
    6.20109e+04    6.04148e+02   -2.51197e+02
    6.04082e+02    6.17863e+04    2.52978e+02
   -2.50958e+02    2.53178e+02    6.16539e+04

   Pressure (bar)
   -2.05373e+01   -2.65595e+01    8.56941e+00
   -2.65564e+01   -9.19300e+00   -9.62240e+00
    8.55833e+00   -9.63163e+00   -1.35292e+01

      T-Protein        T-Water
    3.00106e+02    2.99998e+02


	M E G A - F L O P S   A C C O U N T I N G

 NB=Group-cutoff nonbonded kernels    NxN=N-by-N cluster Verlet kernels
 RF=Reaction-Field  VdW=Van der Waals  QSTab=quadratic-spline table
 W3=SPC/TIP3p  W4=TIP4p (single or pairs)
 V&F=Potential and force  V=Potential only  F=Force only

 Computing:                               M-Number         M-Flops  % Flops
-----------------------------------------------------------------------------
 Pair Search distance check           50111.000136      450999.001     0.1
 NxN Ewald Elec. + LJ [F]          10811134.519840   843268492.548    96.3
 NxN Ewald Elec. + LJ [V&F]          109419.319672    14115092.238     1.6
 NxN Ewald Elec. [F]                 173539.290768    10585896.737     1.2
 NxN Ewald Elec. [V&F]                 1755.285896      147444.015     0.0
 1,4 nonbonded interactions             588.761775       52988.560     0.0
 Calc Weights                         10931.618628      393538.271     0.0
 Spread Q Bspline                    233207.864064      466415.728     0.1
 Gather F Bspline                    233207.864064     1399247.184     0.2
 3D-FFT                              471868.637184     3774949.097     0.4
 Solve PME                              204.804096       13107.462     0.0
 Reset In Box                            45.547500         136.642     0.0
 CG-CoM                                  45.620376         136.861     0.0
 Bonds                                  112.102242        6614.032     0.0
 Propers                                587.061741      134437.139     0.0
 Impropers                               33.900678        7051.341     0.0
 Pos. Restr.                            112.402248        5620.112     0.0
 Virial                                 364.677921        6564.203     0.0
 Stop-CM                                 36.510876         365.109     0.0
 P-Coupling                             364.452876        2186.717     0.0
 Calc-Ekin                              728.905752       19680.455     0.0
 Lincs                                  113.802276        6828.137     0.0
 Lincs-Mat                              634.212684        2536.851     0.0
 Constraint-V                          3648.122961       32833.107     0.0
 Constraint-Vir                         353.495685        8483.896     0.0
 Settle                                1140.172803      421863.937     0.0
 CMAP                                    13.800276       23460.469     0.0
 Urey-Bradley                           409.658193       74967.449     0.0
-----------------------------------------------------------------------------
 Total                                               875421937.299   100.0
-----------------------------------------------------------------------------


    D O M A I N   D E C O M P O S I T I O N   S T A T I S T I C S

 av. #atoms communicated per step for force:  2 x 0.0


     R E A L   C Y C L E   A N D   T I M E   A C C O U N T I N G

On 1 MPI rank, each using 8 OpenMP threads

 Computing:          Num   Num      Call    Wall time         Giga-Cycles
                     Ranks Threads  Count      (s)         total sum    %
-----------------------------------------------------------------------------
 Domain decomp.         1    8        625       8.289        205.093   0.1
 Neighbor search        1    8        626      61.743       1527.763   0.8
 Force                  1    8      50001    6897.861     170679.898  91.8
 PME mesh               1    8      50001     368.593       9120.428   4.9
 NB X/F buffer ops.     1    8      99376      84.366       2087.542   1.1
 Write traj.            1    8        109       2.537         62.771   0.0
 Update                 1    8      50001      42.334       1047.519   0.6
 Constraints            1    8      50001      40.432       1000.449   0.5
 Rest                                          11.857        293.379   0.2
-----------------------------------------------------------------------------
 Total                                       7518.012     186024.842 100.0
-----------------------------------------------------------------------------
 Breakdown of PME mesh computation
-----------------------------------------------------------------------------
 PME spread             1    8      50001     146.182       3617.122   1.9
 PME gather             1    8      50001     127.305       3150.022   1.7
 PME 3D-FFT             1    8     100002      79.976       1978.921   1.1
 PME solve Elec         1    8      50001       7.369        182.349   0.1
-----------------------------------------------------------------------------

               Core t (s)   Wall t (s)        (%)
       Time:    60143.993     7518.012      800.0
                         2h05:18
                 (ns/day)    (hour/ns)
Performance:        1.149       20.883
Finished mdrun on rank 0 Tue Jun 14 15:40:15 2022

